<?xml version="1.0" encoding="UTF-8"?>
<!-- Generated by org.testng.reporters.JUnitReportReporter -->
<testsuite hostname="CONGPC" failures="0" tests="1" name="CheckBoxTest" time="26.132" errors="0" timestamp="2023-09-17T20:33:22 ICT" skipped="0">
  <testcase classname="CheckBoxTest" name="doTC01" time="26.132"/>
</testsuite> <!-- CheckBoxTest -->
